  pch.cpp
  DicomImporter.cpp
  Vacwork_DICOM_Anon.cpp
  Vacwork_DICOM_AnonDlg.cpp
c:\users\hp user\documents\github\vacwork_dicom_anon\vacwork_dicom_anon\vacwork_dicom_anondlg.cpp(216): warning C4244: '=': conversion from '__int64' to 'int', possible loss of data
c:\users\hp user\documents\github\vacwork_dicom_anon\vacwork_dicom_anon\vacwork_dicom_anondlg.cpp(217): warning C4244: '=': conversion from '__int64' to 'int', possible loss of data
c:\users\hp user\documents\github\vacwork_dicom_anon\vacwork_dicom_anon\vacwork_dicom_anondlg.cpp(253): warning C4244: '=': conversion from 'float' to 'int', possible loss of data
  Generating Code...
c:\users\hp user\documents\github\vacwork_dicom_anon\vacwork_dicom_anon\vacwork_dicom_anondlg.cpp(284): warning C4715: 'CVacworkDICOMAnonDlg::SourceList': not all control paths return a value
dcmdata.lib(dcbytstr.obj) : warning LNK4099: PDB 'dcmdata.pdb' was not found with 'dcmdata.lib(dcbytstr.obj)' or at 'C:\Users\HP USER\Documents\GitHub\Vacwork_DICOM_Anon\Debug\dcmdata.pdb'; linking object as if no debug info
dcmdata.lib(dcchrstr.obj) : warning LNK4099: PDB 'dcmdata.pdb' was not found with 'dcmdata.lib(dcchrstr.obj)' or at 'C:\Users\HP USER\Documents\GitHub\Vacwork_DICOM_Anon\Debug\dcmdata.pdb'; linking object as if no debug info
dcmdata.lib(dccodec.obj) : warning LNK4099: PDB 'dcmdata.pdb' was not found with 'dcmdata.lib(dccodec.obj)' or at 'C:\Users\HP USER\Documents\GitHub\Vacwork_DICOM_Anon\Debug\dcmdata.pdb'; linking object as if no debug info
dcmdata.lib(dcdatset.obj) : warning LNK4099: PDB 'dcmdata.pdb' was not found with 'dcmdata.lib(dcdatset.obj)' or at 'C:\Users\HP USER\Documents\GitHub\Vacwork_DICOM_Anon\Debug\dcmdata.pdb'; linking object as if no debug info
dcmdata.lib(dcdicent.obj) : warning LNK4099: PDB 'dcmdata.pdb' was not found with 'dcmdata.lib(dcdicent.obj)' or at 'C:\Users\HP USER\Documents\GitHub\Vacwork_DICOM_Anon\Debug\dcmdata.pdb'; linking object as if no debug info
dcmdata.lib(dcdict.obj) : warning LNK4099: PDB 'dcmdata.pdb' was not found with 'dcmdata.lib(dcdict.obj)' or at 'C:\Users\HP USER\Documents\GitHub\Vacwork_DICOM_Anon\Debug\dcmdata.pdb'; linking object as if no debug info
dcmdata.lib(dcdictzz.obj) : warning LNK4099: PDB 'dcmdata.pdb' was not found with 'dcmdata.lib(dcdictzz.obj)' or at 'C:\Users\HP USER\Documents\GitHub\Vacwork_DICOM_Anon\Debug\dcmdata.pdb'; linking object as if no debug info
dcmdata.lib(dcdirrec.obj) : warning LNK4099: PDB 'dcmdata.pdb' was not found with 'dcmdata.lib(dcdirrec.obj)' or at 'C:\Users\HP USER\Documents\GitHub\Vacwork_DICOM_Anon\Debug\dcmdata.pdb'; linking object as if no debug info
dcmdata.lib(dcelem.obj) : warning LNK4099: PDB 'dcmdata.pdb' was not found with 'dcmdata.lib(dcelem.obj)' or at 'C:\Users\HP USER\Documents\GitHub\Vacwork_DICOM_Anon\Debug\dcmdata.pdb'; linking object as if no debug info
dcmdata.lib(dcerror.obj) : warning LNK4099: PDB 'dcmdata.pdb' was not found with 'dcmdata.lib(dcerror.obj)' or at 'C:\Users\HP USER\Documents\GitHub\Vacwork_DICOM_Anon\Debug\dcmdata.pdb'; linking object as if no debug info
dcmdata.lib(dcfilefo.obj) : warning LNK4099: PDB 'dcmdata.pdb' was not found with 'dcmdata.lib(dcfilefo.obj)' or at 'C:\Users\HP USER\Documents\GitHub\Vacwork_DICOM_Anon\Debug\dcmdata.pdb'; linking object as if no debug info
dcmdata.lib(dchashdi.obj) : warning LNK4099: PDB 'dcmdata.pdb' was not found with 'dcmdata.lib(dchashdi.obj)' or at 'C:\Users\HP USER\Documents\GitHub\Vacwork_DICOM_Anon\Debug\dcmdata.pdb'; linking object as if no debug info
dcmdata.lib(dcistrma.obj) : warning LNK4099: PDB 'dcmdata.pdb' was not found with 'dcmdata.lib(dcistrma.obj)' or at 'C:\Users\HP USER\Documents\GitHub\Vacwork_DICOM_Anon\Debug\dcmdata.pdb'; linking object as if no debug info
dcmdata.lib(dcistrmf.obj) : warning LNK4099: PDB 'dcmdata.pdb' was not found with 'dcmdata.lib(dcistrmf.obj)' or at 'C:\Users\HP USER\Documents\GitHub\Vacwork_DICOM_Anon\Debug\dcmdata.pdb'; linking object as if no debug info
dcmdata.lib(dcitem.obj) : warning LNK4099: PDB 'dcmdata.pdb' was not found with 'dcmdata.lib(dcitem.obj)' or at 'C:\Users\HP USER\Documents\GitHub\Vacwork_DICOM_Anon\Debug\dcmdata.pdb'; linking object as if no debug info
dcmdata.lib(dclist.obj) : warning LNK4099: PDB 'dcmdata.pdb' was not found with 'dcmdata.lib(dclist.obj)' or at 'C:\Users\HP USER\Documents\GitHub\Vacwork_DICOM_Anon\Debug\dcmdata.pdb'; linking object as if no debug info
dcmdata.lib(dcmetinf.obj) : warning LNK4099: PDB 'dcmdata.pdb' was not found with 'dcmdata.lib(dcmetinf.obj)' or at 'C:\Users\HP USER\Documents\GitHub\Vacwork_DICOM_Anon\Debug\dcmdata.pdb'; linking object as if no debug info
dcmdata.lib(dcobject.obj) : warning LNK4099: PDB 'dcmdata.pdb' was not found with 'dcmdata.lib(dcobject.obj)' or at 'C:\Users\HP USER\Documents\GitHub\Vacwork_DICOM_Anon\Debug\dcmdata.pdb'; linking object as if no debug info
dcmdata.lib(dcostrma.obj) : warning LNK4099: PDB 'dcmdata.pdb' was not found with 'dcmdata.lib(dcostrma.obj)' or at 'C:\Users\HP USER\Documents\GitHub\Vacwork_DICOM_Anon\Debug\dcmdata.pdb'; linking object as if no debug info
dcmdata.lib(dcostrmf.obj) : warning LNK4099: PDB 'dcmdata.pdb' was not found with 'dcmdata.lib(dcostrmf.obj)' or at 'C:\Users\HP USER\Documents\GitHub\Vacwork_DICOM_Anon\Debug\dcmdata.pdb'; linking object as if no debug info
dcmdata.lib(dcpcache.obj) : warning LNK4099: PDB 'dcmdata.pdb' was not found with 'dcmdata.lib(dcpcache.obj)' or at 'C:\Users\HP USER\Documents\GitHub\Vacwork_DICOM_Anon\Debug\dcmdata.pdb'; linking object as if no debug info
dcmdata.lib(dcpixel.obj) : warning LNK4099: PDB 'dcmdata.pdb' was not found with 'dcmdata.lib(dcpixel.obj)' or at 'C:\Users\HP USER\Documents\GitHub\Vacwork_DICOM_Anon\Debug\dcmdata.pdb'; linking object as if no debug info
dcmdata.lib(dcpixseq.obj) : warning LNK4099: PDB 'dcmdata.pdb' was not found with 'dcmdata.lib(dcpixseq.obj)' or at 'C:\Users\HP USER\Documents\GitHub\Vacwork_DICOM_Anon\Debug\dcmdata.pdb'; linking object as if no debug info
dcmdata.lib(dcpxitem.obj) : warning LNK4099: PDB 'dcmdata.pdb' was not found with 'dcmdata.lib(dcpxitem.obj)' or at 'C:\Users\HP USER\Documents\GitHub\Vacwork_DICOM_Anon\Debug\dcmdata.pdb'; linking object as if no debug info
dcmdata.lib(dcsequen.obj) : warning LNK4099: PDB 'dcmdata.pdb' was not found with 'dcmdata.lib(dcsequen.obj)' or at 'C:\Users\HP USER\Documents\GitHub\Vacwork_DICOM_Anon\Debug\dcmdata.pdb'; linking object as if no debug info
dcmdata.lib(dcstack.obj) : warning LNK4099: PDB 'dcmdata.pdb' was not found with 'dcmdata.lib(dcstack.obj)' or at 'C:\Users\HP USER\Documents\GitHub\Vacwork_DICOM_Anon\Debug\dcmdata.pdb'; linking object as if no debug info
dcmdata.lib(dcswap.obj) : warning LNK4099: PDB 'dcmdata.pdb' was not found with 'dcmdata.lib(dcswap.obj)' or at 'C:\Users\HP USER\Documents\GitHub\Vacwork_DICOM_Anon\Debug\dcmdata.pdb'; linking object as if no debug info
dcmdata.lib(dctag.obj) : warning LNK4099: PDB 'dcmdata.pdb' was not found with 'dcmdata.lib(dctag.obj)' or at 'C:\Users\HP USER\Documents\GitHub\Vacwork_DICOM_Anon\Debug\dcmdata.pdb'; linking object as if no debug info
dcmdata.lib(dctagkey.obj) : warning LNK4099: PDB 'dcmdata.pdb' was not found with 'dcmdata.lib(dctagkey.obj)' or at 'C:\Users\HP USER\Documents\GitHub\Vacwork_DICOM_Anon\Debug\dcmdata.pdb'; linking object as if no debug info
dcmdata.lib(dctypes.obj) : warning LNK4099: PDB 'dcmdata.pdb' was not found with 'dcmdata.lib(dctypes.obj)' or at 'C:\Users\HP USER\Documents\GitHub\Vacwork_DICOM_Anon\Debug\dcmdata.pdb'; linking object as if no debug info
dcmdata.lib(dcuid.obj) : warning LNK4099: PDB 'dcmdata.pdb' was not found with 'dcmdata.lib(dcuid.obj)' or at 'C:\Users\HP USER\Documents\GitHub\Vacwork_DICOM_Anon\Debug\dcmdata.pdb'; linking object as if no debug info
dcmdata.lib(dcwcache.obj) : warning LNK4099: PDB 'dcmdata.pdb' was not found with 'dcmdata.lib(dcwcache.obj)' or at 'C:\Users\HP USER\Documents\GitHub\Vacwork_DICOM_Anon\Debug\dcmdata.pdb'; linking object as if no debug info
dcmdata.lib(dcvm.obj) : warning LNK4099: PDB 'dcmdata.pdb' was not found with 'dcmdata.lib(dcvm.obj)' or at 'C:\Users\HP USER\Documents\GitHub\Vacwork_DICOM_Anon\Debug\dcmdata.pdb'; linking object as if no debug info
dcmdata.lib(dcvr.obj) : warning LNK4099: PDB 'dcmdata.pdb' was not found with 'dcmdata.lib(dcvr.obj)' or at 'C:\Users\HP USER\Documents\GitHub\Vacwork_DICOM_Anon\Debug\dcmdata.pdb'; linking object as if no debug info
dcmdata.lib(dcvrae.obj) : warning LNK4099: PDB 'dcmdata.pdb' was not found with 'dcmdata.lib(dcvrae.obj)' or at 'C:\Users\HP USER\Documents\GitHub\Vacwork_DICOM_Anon\Debug\dcmdata.pdb'; linking object as if no debug info
dcmdata.lib(dcvras.obj) : warning LNK4099: PDB 'dcmdata.pdb' was not found with 'dcmdata.lib(dcvras.obj)' or at 'C:\Users\HP USER\Documents\GitHub\Vacwork_DICOM_Anon\Debug\dcmdata.pdb'; linking object as if no debug info
dcmdata.lib(dcvrat.obj) : warning LNK4099: PDB 'dcmdata.pdb' was not found with 'dcmdata.lib(dcvrat.obj)' or at 'C:\Users\HP USER\Documents\GitHub\Vacwork_DICOM_Anon\Debug\dcmdata.pdb'; linking object as if no debug info
dcmdata.lib(dcvrcs.obj) : warning LNK4099: PDB 'dcmdata.pdb' was not found with 'dcmdata.lib(dcvrcs.obj)' or at 'C:\Users\HP USER\Documents\GitHub\Vacwork_DICOM_Anon\Debug\dcmdata.pdb'; linking object as if no debug info
dcmdata.lib(dcvrda.obj) : warning LNK4099: PDB 'dcmdata.pdb' was not found with 'dcmdata.lib(dcvrda.obj)' or at 'C:\Users\HP USER\Documents\GitHub\Vacwork_DICOM_Anon\Debug\dcmdata.pdb'; linking object as if no debug info
dcmdata.lib(dcvrds.obj) : warning LNK4099: PDB 'dcmdata.pdb' was not found with 'dcmdata.lib(dcvrds.obj)' or at 'C:\Users\HP USER\Documents\GitHub\Vacwork_DICOM_Anon\Debug\dcmdata.pdb'; linking object as if no debug info
dcmdata.lib(dcvrdt.obj) : warning LNK4099: PDB 'dcmdata.pdb' was not found with 'dcmdata.lib(dcvrdt.obj)' or at 'C:\Users\HP USER\Documents\GitHub\Vacwork_DICOM_Anon\Debug\dcmdata.pdb'; linking object as if no debug info
dcmdata.lib(dcvrfd.obj) : warning LNK4099: PDB 'dcmdata.pdb' was not found with 'dcmdata.lib(dcvrfd.obj)' or at 'C:\Users\HP USER\Documents\GitHub\Vacwork_DICOM_Anon\Debug\dcmdata.pdb'; linking object as if no debug info
dcmdata.lib(dcvrfl.obj) : warning LNK4099: PDB 'dcmdata.pdb' was not found with 'dcmdata.lib(dcvrfl.obj)' or at 'C:\Users\HP USER\Documents\GitHub\Vacwork_DICOM_Anon\Debug\dcmdata.pdb'; linking object as if no debug info
dcmdata.lib(dcvris.obj) : warning LNK4099: PDB 'dcmdata.pdb' was not found with 'dcmdata.lib(dcvris.obj)' or at 'C:\Users\HP USER\Documents\GitHub\Vacwork_DICOM_Anon\Debug\dcmdata.pdb'; linking object as if no debug info
dcmdata.lib(dcvrlo.obj) : warning LNK4099: PDB 'dcmdata.pdb' was not found with 'dcmdata.lib(dcvrlo.obj)' or at 'C:\Users\HP USER\Documents\GitHub\Vacwork_DICOM_Anon\Debug\dcmdata.pdb'; linking object as if no debug info
dcmdata.lib(dcvrlt.obj) : warning LNK4099: PDB 'dcmdata.pdb' was not found with 'dcmdata.lib(dcvrlt.obj)' or at 'C:\Users\HP USER\Documents\GitHub\Vacwork_DICOM_Anon\Debug\dcmdata.pdb'; linking object as if no debug info
dcmdata.lib(dcvrobow.obj) : warning LNK4099: PDB 'dcmdata.pdb' was not found with 'dcmdata.lib(dcvrobow.obj)' or at 'C:\Users\HP USER\Documents\GitHub\Vacwork_DICOM_Anon\Debug\dcmdata.pdb'; linking object as if no debug info
dcmdata.lib(dcvrof.obj) : warning LNK4099: PDB 'dcmdata.pdb' was not found with 'dcmdata.lib(dcvrof.obj)' or at 'C:\Users\HP USER\Documents\GitHub\Vacwork_DICOM_Anon\Debug\dcmdata.pdb'; linking object as if no debug info
dcmdata.lib(dcvrpn.obj) : warning LNK4099: PDB 'dcmdata.pdb' was not found with 'dcmdata.lib(dcvrpn.obj)' or at 'C:\Users\HP USER\Documents\GitHub\Vacwork_DICOM_Anon\Debug\dcmdata.pdb'; linking object as if no debug info
dcmdata.lib(dcvrpobw.obj) : warning LNK4099: PDB 'dcmdata.pdb' was not found with 'dcmdata.lib(dcvrpobw.obj)' or at 'C:\Users\HP USER\Documents\GitHub\Vacwork_DICOM_Anon\Debug\dcmdata.pdb'; linking object as if no debug info
dcmdata.lib(dcvrsh.obj) : warning LNK4099: PDB 'dcmdata.pdb' was not found with 'dcmdata.lib(dcvrsh.obj)' or at 'C:\Users\HP USER\Documents\GitHub\Vacwork_DICOM_Anon\Debug\dcmdata.pdb'; linking object as if no debug info
dcmdata.lib(dcvrsl.obj) : warning LNK4099: PDB 'dcmdata.pdb' was not found with 'dcmdata.lib(dcvrsl.obj)' or at 'C:\Users\HP USER\Documents\GitHub\Vacwork_DICOM_Anon\Debug\dcmdata.pdb'; linking object as if no debug info
dcmdata.lib(dcvrss.obj) : warning LNK4099: PDB 'dcmdata.pdb' was not found with 'dcmdata.lib(dcvrss.obj)' or at 'C:\Users\HP USER\Documents\GitHub\Vacwork_DICOM_Anon\Debug\dcmdata.pdb'; linking object as if no debug info
dcmdata.lib(dcvrst.obj) : warning LNK4099: PDB 'dcmdata.pdb' was not found with 'dcmdata.lib(dcvrst.obj)' or at 'C:\Users\HP USER\Documents\GitHub\Vacwork_DICOM_Anon\Debug\dcmdata.pdb'; linking object as if no debug info
dcmdata.lib(dcvrtm.obj) : warning LNK4099: PDB 'dcmdata.pdb' was not found with 'dcmdata.lib(dcvrtm.obj)' or at 'C:\Users\HP USER\Documents\GitHub\Vacwork_DICOM_Anon\Debug\dcmdata.pdb'; linking object as if no debug info
dcmdata.lib(dcvrui.obj) : warning LNK4099: PDB 'dcmdata.pdb' was not found with 'dcmdata.lib(dcvrui.obj)' or at 'C:\Users\HP USER\Documents\GitHub\Vacwork_DICOM_Anon\Debug\dcmdata.pdb'; linking object as if no debug info
dcmdata.lib(dcvrul.obj) : warning LNK4099: PDB 'dcmdata.pdb' was not found with 'dcmdata.lib(dcvrul.obj)' or at 'C:\Users\HP USER\Documents\GitHub\Vacwork_DICOM_Anon\Debug\dcmdata.pdb'; linking object as if no debug info
dcmdata.lib(dcvrulup.obj) : warning LNK4099: PDB 'dcmdata.pdb' was not found with 'dcmdata.lib(dcvrulup.obj)' or at 'C:\Users\HP USER\Documents\GitHub\Vacwork_DICOM_Anon\Debug\dcmdata.pdb'; linking object as if no debug info
dcmdata.lib(dcvrus.obj) : warning LNK4099: PDB 'dcmdata.pdb' was not found with 'dcmdata.lib(dcvrus.obj)' or at 'C:\Users\HP USER\Documents\GitHub\Vacwork_DICOM_Anon\Debug\dcmdata.pdb'; linking object as if no debug info
dcmdata.lib(dcvrut.obj) : warning LNK4099: PDB 'dcmdata.pdb' was not found with 'dcmdata.lib(dcvrut.obj)' or at 'C:\Users\HP USER\Documents\GitHub\Vacwork_DICOM_Anon\Debug\dcmdata.pdb'; linking object as if no debug info
dcmdata.lib(dcxfer.obj) : warning LNK4099: PDB 'dcmdata.pdb' was not found with 'dcmdata.lib(dcxfer.obj)' or at 'C:\Users\HP USER\Documents\GitHub\Vacwork_DICOM_Anon\Debug\dcmdata.pdb'; linking object as if no debug info
dcmdata.lib(vrscan.obj) : warning LNK4099: PDB 'dcmdata.pdb' was not found with 'dcmdata.lib(vrscan.obj)' or at 'C:\Users\HP USER\Documents\GitHub\Vacwork_DICOM_Anon\Debug\dcmdata.pdb'; linking object as if no debug info
dcmdata.lib(vrscanl.obj) : warning LNK4099: PDB 'dcmdata.pdb' was not found with 'dcmdata.lib(vrscanl.obj)' or at 'C:\Users\HP USER\Documents\GitHub\Vacwork_DICOM_Anon\Debug\dcmdata.pdb'; linking object as if no debug info
oflog.lib(oflog.obj) : warning LNK4099: PDB 'oflog.pdb' was not found with 'oflog.lib(oflog.obj)' or at 'C:\Users\HP USER\Documents\GitHub\Vacwork_DICOM_Anon\Debug\oflog.pdb'; linking object as if no debug info
oflog.lib(apndimpl.obj) : warning LNK4099: PDB 'oflog.pdb' was not found with 'oflog.lib(apndimpl.obj)' or at 'C:\Users\HP USER\Documents\GitHub\Vacwork_DICOM_Anon\Debug\oflog.pdb'; linking object as if no debug info
oflog.lib(appender.obj) : warning LNK4099: PDB 'oflog.pdb' was not found with 'oflog.lib(appender.obj)' or at 'C:\Users\HP USER\Documents\GitHub\Vacwork_DICOM_Anon\Debug\oflog.pdb'; linking object as if no debug info
oflog.lib(config.obj) : warning LNK4099: PDB 'oflog.pdb' was not found with 'oflog.lib(config.obj)' or at 'C:\Users\HP USER\Documents\GitHub\Vacwork_DICOM_Anon\Debug\oflog.pdb'; linking object as if no debug info
oflog.lib(consap.obj) : warning LNK4099: PDB 'oflog.pdb' was not found with 'oflog.lib(consap.obj)' or at 'C:\Users\HP USER\Documents\GitHub\Vacwork_DICOM_Anon\Debug\oflog.pdb'; linking object as if no debug info
oflog.lib(factory.obj) : warning LNK4099: PDB 'oflog.pdb' was not found with 'oflog.lib(factory.obj)' or at 'C:\Users\HP USER\Documents\GitHub\Vacwork_DICOM_Anon\Debug\oflog.pdb'; linking object as if no debug info
oflog.lib(fileap.obj) : warning LNK4099: PDB 'oflog.pdb' was not found with 'oflog.lib(fileap.obj)' or at 'C:\Users\HP USER\Documents\GitHub\Vacwork_DICOM_Anon\Debug\oflog.pdb'; linking object as if no debug info
oflog.lib(filter.obj) : warning LNK4099: PDB 'oflog.pdb' was not found with 'oflog.lib(filter.obj)' or at 'C:\Users\HP USER\Documents\GitHub\Vacwork_DICOM_Anon\Debug\oflog.pdb'; linking object as if no debug info
oflog.lib(globinit.obj) : warning LNK4099: PDB 'oflog.pdb' was not found with 'oflog.lib(globinit.obj)' or at 'C:\Users\HP USER\Documents\GitHub\Vacwork_DICOM_Anon\Debug\oflog.pdb'; linking object as if no debug info
oflog.lib(hierarchy.obj) : warning LNK4099: PDB 'oflog.pdb' was not found with 'oflog.lib(hierarchy.obj)' or at 'C:\Users\HP USER\Documents\GitHub\Vacwork_DICOM_Anon\Debug\oflog.pdb'; linking object as if no debug info
oflog.lib(hierlock.obj) : warning LNK4099: PDB 'oflog.pdb' was not found with 'oflog.lib(hierlock.obj)' or at 'C:\Users\HP USER\Documents\GitHub\Vacwork_DICOM_Anon\Debug\oflog.pdb'; linking object as if no debug info
oflog.lib(layout.obj) : warning LNK4099: PDB 'oflog.pdb' was not found with 'oflog.lib(layout.obj)' or at 'C:\Users\HP USER\Documents\GitHub\Vacwork_DICOM_Anon\Debug\oflog.pdb'; linking object as if no debug info
oflog.lib(logger.obj) : warning LNK4099: PDB 'oflog.pdb' was not found with 'oflog.lib(logger.obj)' or at 'C:\Users\HP USER\Documents\GitHub\Vacwork_DICOM_Anon\Debug\oflog.pdb'; linking object as if no debug info
oflog.lib(logimpl.obj) : warning LNK4099: PDB 'oflog.pdb' was not found with 'oflog.lib(logimpl.obj)' or at 'C:\Users\HP USER\Documents\GitHub\Vacwork_DICOM_Anon\Debug\oflog.pdb'; linking object as if no debug info
oflog.lib(logevent.obj) : warning LNK4099: PDB 'oflog.pdb' was not found with 'oflog.lib(logevent.obj)' or at 'C:\Users\HP USER\Documents\GitHub\Vacwork_DICOM_Anon\Debug\oflog.pdb'; linking object as if no debug info
oflog.lib(loglevel.obj) : warning LNK4099: PDB 'oflog.pdb' was not found with 'oflog.lib(loglevel.obj)' or at 'C:\Users\HP USER\Documents\GitHub\Vacwork_DICOM_Anon\Debug\oflog.pdb'; linking object as if no debug info
oflog.lib(loglog.obj) : warning LNK4099: PDB 'oflog.pdb' was not found with 'oflog.lib(loglog.obj)' or at 'C:\Users\HP USER\Documents\GitHub\Vacwork_DICOM_Anon\Debug\oflog.pdb'; linking object as if no debug info
oflog.lib(lloguser.obj) : warning LNK4099: PDB 'oflog.pdb' was not found with 'oflog.lib(lloguser.obj)' or at 'C:\Users\HP USER\Documents\GitHub\Vacwork_DICOM_Anon\Debug\oflog.pdb'; linking object as if no debug info
oflog.lib(ndc.obj) : warning LNK4099: PDB 'oflog.pdb' was not found with 'oflog.lib(ndc.obj)' or at 'C:\Users\HP USER\Documents\GitHub\Vacwork_DICOM_Anon\Debug\oflog.pdb'; linking object as if no debug info
oflog.lib(ntelogap.obj) : warning LNK4099: PDB 'oflog.pdb' was not found with 'oflog.lib(ntelogap.obj)' or at 'C:\Users\HP USER\Documents\GitHub\Vacwork_DICOM_Anon\Debug\oflog.pdb'; linking object as if no debug info
oflog.lib(nullap.obj) : warning LNK4099: PDB 'oflog.pdb' was not found with 'oflog.lib(nullap.obj)' or at 'C:\Users\HP USER\Documents\GitHub\Vacwork_DICOM_Anon\Debug\oflog.pdb'; linking object as if no debug info
oflog.lib(objreg.obj) : warning LNK4099: PDB 'oflog.pdb' was not found with 'oflog.lib(objreg.obj)' or at 'C:\Users\HP USER\Documents\GitHub\Vacwork_DICOM_Anon\Debug\oflog.pdb'; linking object as if no debug info
oflog.lib(patlay.obj) : warning LNK4099: PDB 'oflog.pdb' was not found with 'oflog.lib(patlay.obj)' or at 'C:\Users\HP USER\Documents\GitHub\Vacwork_DICOM_Anon\Debug\oflog.pdb'; linking object as if no debug info
oflog.lib(pointer.obj) : warning LNK4099: PDB 'oflog.pdb' was not found with 'oflog.lib(pointer.obj)' or at 'C:\Users\HP USER\Documents\GitHub\Vacwork_DICOM_Anon\Debug\oflog.pdb'; linking object as if no debug info
oflog.lib(property.obj) : warning LNK4099: PDB 'oflog.pdb' was not found with 'oflog.lib(property.obj)' or at 'C:\Users\HP USER\Documents\GitHub\Vacwork_DICOM_Anon\Debug\oflog.pdb'; linking object as if no debug info
oflog.lib(rootlog.obj) : warning LNK4099: PDB 'oflog.pdb' was not found with 'oflog.lib(rootlog.obj)' or at 'C:\Users\HP USER\Documents\GitHub\Vacwork_DICOM_Anon\Debug\oflog.pdb'; linking object as if no debug info
oflog.lib(sleep.obj) : warning LNK4099: PDB 'oflog.pdb' was not found with 'oflog.lib(sleep.obj)' or at 'C:\Users\HP USER\Documents\GitHub\Vacwork_DICOM_Anon\Debug\oflog.pdb'; linking object as if no debug info
oflog.lib(socketap.obj) : warning LNK4099: PDB 'oflog.pdb' was not found with 'oflog.lib(socketap.obj)' or at 'C:\Users\HP USER\Documents\GitHub\Vacwork_DICOM_Anon\Debug\oflog.pdb'; linking object as if no debug info
oflog.lib(sockbuff.obj) : warning LNK4099: PDB 'oflog.pdb' was not found with 'oflog.lib(sockbuff.obj)' or at 'C:\Users\HP USER\Documents\GitHub\Vacwork_DICOM_Anon\Debug\oflog.pdb'; linking object as if no debug info
oflog.lib(socket.obj) : warning LNK4099: PDB 'oflog.pdb' was not found with 'oflog.lib(socket.obj)' or at 'C:\Users\HP USER\Documents\GitHub\Vacwork_DICOM_Anon\Debug\oflog.pdb'; linking object as if no debug info
oflog.lib(strhelp.obj) : warning LNK4099: PDB 'oflog.pdb' was not found with 'oflog.lib(strhelp.obj)' or at 'C:\Users\HP USER\Documents\GitHub\Vacwork_DICOM_Anon\Debug\oflog.pdb'; linking object as if no debug info
oflog.lib(syncprims.obj) : warning LNK4099: PDB 'oflog.pdb' was not found with 'oflog.lib(syncprims.obj)' or at 'C:\Users\HP USER\Documents\GitHub\Vacwork_DICOM_Anon\Debug\oflog.pdb'; linking object as if no debug info
oflog.lib(threads.obj) : warning LNK4099: PDB 'oflog.pdb' was not found with 'oflog.lib(threads.obj)' or at 'C:\Users\HP USER\Documents\GitHub\Vacwork_DICOM_Anon\Debug\oflog.pdb'; linking object as if no debug info
oflog.lib(timehelp.obj) : warning LNK4099: PDB 'oflog.pdb' was not found with 'oflog.lib(timehelp.obj)' or at 'C:\Users\HP USER\Documents\GitHub\Vacwork_DICOM_Anon\Debug\oflog.pdb'; linking object as if no debug info
oflog.lib(winsock.obj) : warning LNK4099: PDB 'oflog.pdb' was not found with 'oflog.lib(winsock.obj)' or at 'C:\Users\HP USER\Documents\GitHub\Vacwork_DICOM_Anon\Debug\oflog.pdb'; linking object as if no debug info
oflog.lib(windebap.obj) : warning LNK4099: PDB 'oflog.pdb' was not found with 'oflog.lib(windebap.obj)' or at 'C:\Users\HP USER\Documents\GitHub\Vacwork_DICOM_Anon\Debug\oflog.pdb'; linking object as if no debug info
oflog.lib(winconap.obj) : warning LNK4099: PDB 'oflog.pdb' was not found with 'oflog.lib(winconap.obj)' or at 'C:\Users\HP USER\Documents\GitHub\Vacwork_DICOM_Anon\Debug\oflog.pdb'; linking object as if no debug info
ofstd.lib(ofcmdln.obj) : warning LNK4099: PDB 'ofstd.pdb' was not found with 'ofstd.lib(ofcmdln.obj)' or at 'C:\Users\HP USER\Documents\GitHub\Vacwork_DICOM_Anon\Debug\ofstd.pdb'; linking object as if no debug info
ofstd.lib(ofconapp.obj) : warning LNK4099: PDB 'ofstd.pdb' was not found with 'ofstd.lib(ofconapp.obj)' or at 'C:\Users\HP USER\Documents\GitHub\Vacwork_DICOM_Anon\Debug\ofstd.pdb'; linking object as if no debug info
ofstd.lib(ofcond.obj) : warning LNK4099: PDB 'ofstd.pdb' was not found with 'ofstd.lib(ofcond.obj)' or at 'C:\Users\HP USER\Documents\GitHub\Vacwork_DICOM_Anon\Debug\ofstd.pdb'; linking object as if no debug info
ofstd.lib(ofconsol.obj) : warning LNK4099: PDB 'ofstd.pdb' was not found with 'ofstd.lib(ofconsol.obj)' or at 'C:\Users\HP USER\Documents\GitHub\Vacwork_DICOM_Anon\Debug\ofstd.pdb'; linking object as if no debug info
ofstd.lib(ofcrc32.obj) : warning LNK4099: PDB 'ofstd.pdb' was not found with 'ofstd.lib(ofcrc32.obj)' or at 'C:\Users\HP USER\Documents\GitHub\Vacwork_DICOM_Anon\Debug\ofstd.pdb'; linking object as if no debug info
ofstd.lib(ofdate.obj) : warning LNK4099: PDB 'ofstd.pdb' was not found with 'ofstd.lib(ofdate.obj)' or at 'C:\Users\HP USER\Documents\GitHub\Vacwork_DICOM_Anon\Debug\ofstd.pdb'; linking object as if no debug info
ofstd.lib(ofdatime.obj) : warning LNK4099: PDB 'ofstd.pdb' was not found with 'ofstd.lib(ofdatime.obj)' or at 'C:\Users\HP USER\Documents\GitHub\Vacwork_DICOM_Anon\Debug\ofstd.pdb'; linking object as if no debug info
ofstd.lib(oflist.obj) : warning LNK4099: PDB 'ofstd.pdb' was not found with 'ofstd.lib(oflist.obj)' or at 'C:\Users\HP USER\Documents\GitHub\Vacwork_DICOM_Anon\Debug\ofstd.pdb'; linking object as if no debug info
ofstd.lib(ofstd.obj) : warning LNK4099: PDB 'ofstd.pdb' was not found with 'ofstd.lib(ofstd.obj)' or at 'C:\Users\HP USER\Documents\GitHub\Vacwork_DICOM_Anon\Debug\ofstd.pdb'; linking object as if no debug info
ofstd.lib(ofstring.obj) : warning LNK4099: PDB 'ofstd.pdb' was not found with 'ofstd.lib(ofstring.obj)' or at 'C:\Users\HP USER\Documents\GitHub\Vacwork_DICOM_Anon\Debug\ofstd.pdb'; linking object as if no debug info
ofstd.lib(ofthread.obj) : warning LNK4099: PDB 'ofstd.pdb' was not found with 'ofstd.lib(ofthread.obj)' or at 'C:\Users\HP USER\Documents\GitHub\Vacwork_DICOM_Anon\Debug\ofstd.pdb'; linking object as if no debug info
ofstd.lib(oftime.obj) : warning LNK4099: PDB 'ofstd.pdb' was not found with 'ofstd.lib(oftime.obj)' or at 'C:\Users\HP USER\Documents\GitHub\Vacwork_DICOM_Anon\Debug\ofstd.pdb'; linking object as if no debug info
  Vacwork_DICOM_Anon.vcxproj -> C:\Users\HP USER\Documents\GitHub\Vacwork_DICOM_Anon\Debug\Vacwork_DICOM_Anon.exe
