c:\users\hp user\documents\github\vacwork_dicom_anon\vacwork_dicom_anon\debug\vacwork_dicom_anon.pch
c:\users\hp user\documents\github\vacwork_dicom_anon\vacwork_dicom_anon\debug\vc141.pdb
c:\users\hp user\documents\github\vacwork_dicom_anon\vacwork_dicom_anon\debug\vc141.idb
c:\users\hp user\documents\github\vacwork_dicom_anon\vacwork_dicom_anon\debug\pch.obj
c:\users\hp user\documents\github\vacwork_dicom_anon\vacwork_dicom_anon\debug\vacwork_dicom_anondlg.obj
c:\users\hp user\documents\github\vacwork_dicom_anon\vacwork_dicom_anon\debug\vacwork_dicom_anon.obj
c:\users\hp user\documents\github\vacwork_dicom_anon\vacwork_dicom_anon\debug\dicomimporter.obj
c:\users\hp user\documents\github\vacwork_dicom_anon\vacwork_dicom_anon\debug\dicomexporter.obj
c:\users\hp user\documents\github\vacwork_dicom_anon\vacwork_dicom_anon\debug\dcmhandler.obj
c:\users\hp user\documents\github\vacwork_dicom_anon\debug\vacwork_dicom_anon.ilk
c:\users\hp user\documents\github\vacwork_dicom_anon\debug\vacwork_dicom_anon.exe
c:\users\hp user\documents\github\vacwork_dicom_anon\debug\vacwork_dicom_anon.pdb
c:\users\hp user\documents\github\vacwork_dicom_anon\vacwork_dicom_anon\debug\vacworkdicomanon.res
c:\users\hp user\documents\github\vacwork_dicom_anon\vacwork_dicom_anon\debug\vacwork_.3322c692.tlog\cl.command.1.tlog
c:\users\hp user\documents\github\vacwork_dicom_anon\vacwork_dicom_anon\debug\vacwork_.3322c692.tlog\cl.read.1.tlog
c:\users\hp user\documents\github\vacwork_dicom_anon\vacwork_dicom_anon\debug\vacwork_.3322c692.tlog\cl.write.1.tlog
c:\users\hp user\documents\github\vacwork_dicom_anon\vacwork_dicom_anon\debug\vacwork_.3322c692.tlog\link.command.1.tlog
c:\users\hp user\documents\github\vacwork_dicom_anon\vacwork_dicom_anon\debug\vacwork_.3322c692.tlog\link.read.1.tlog
c:\users\hp user\documents\github\vacwork_dicom_anon\vacwork_dicom_anon\debug\vacwork_.3322c692.tlog\link.write.1.tlog
c:\users\hp user\documents\github\vacwork_dicom_anon\vacwork_dicom_anon\debug\vacwork_.3322c692.tlog\rc.command.1.tlog
c:\users\hp user\documents\github\vacwork_dicom_anon\vacwork_dicom_anon\debug\vacwork_.3322c692.tlog\rc.read.1.tlog
c:\users\hp user\documents\github\vacwork_dicom_anon\vacwork_dicom_anon\debug\vacwork_.3322c692.tlog\rc.write.1.tlog
